
BT-VB is missing scraper.
Cbrandon is missing scraper.
Cbwesemann is missing scraper.
CKevin is missing scraper.
C1116 is missing scraper.
C8001 is missing scraper.
C3135 is missing scraper.
C8001 is missing scraper.
C8001 is missing scraper.
C3126 is missing scraper.
C8618 is missing scraper.
C8001 is missing scraper.
C8001 is missing scraper.
C3111 is missing scraper.
r.
C8001 is missing scraper.
C3115 is missing scraper.
C3103 is missing scraper.
C3113 is missing scraper.
C3108 is missing scraper.
C1118 is missing scraper.
C3214 is missing scraper.
C8001 is missing scraper.
C3120 is missing scraper.
C1113 is missing scraper.
C3217 is missing scraper.
C3127 is missing scraper.
er.
C8001 is missing scraper.
C3212 is missing scraper.
C8001 is missing scraper.
C1126 is missing scraper.
C1119 is missing scraper.
C3112 is missing scraper.
C3216 is missing scraper.
C3219 is missing scraper.
C8105 is missing scraper.
C8001 is missing scraper.
C3104 is missing scraper.

C8001 is missing scraper.
C3210 is missing scraper.
C3110 is missing scraper.
C3211 is missing scraper.
C33118 is missing scraper.CC3223 is missing scraper.C3202 is missing scraper.
C8001 is missing scraper.
C3201 is missing scraper.
C3119 is missing scraper.
C3107 is missing scraper.
C3129 is missing scraper.
Tech-Micro-Dell is missing scraper.
C1116 is missing scraper.
C1115 is missing scraper.
Cbrandon is missing scraper.
C8001 is missing scraper.
C8001 is missing scraper.
C8001 is missing scraper.
C8001 is missing scraper.
C8001 is missing scraper.
C8001 is missing scraper.
C3108 is missing scraper.
C8001 is missing scraper.
per.
C8001 is missing scraper.
C8001 is missing scraper.
C3131 is missing scraper.
C1119 is missing scraper.
CKevin is missing scraper.CC33125 is missing scraperC8001 is missing scraper.
C8001 is missing scraper.
C1118 is missing scraper.
C3128 is missing scraper.
C3121 is missing scraper.
Cmakeseed is missing scraper.
BT-VB is missing scraper.
C1117 is missing scraper.
C1125 is missing scraper.
C8001 is missing scraper.
C8001 is missing scraper.
C3208 is missing scraper.
C3101 is missing scraper.
C3122 is missing scraper.
C1128 is missing scraper.
C8001 is missing scraper.
C8001 is missing scraper.
C3225 is missing scraper.
C3129 is missing scraper.
C3215 is missing scraper.
C3119 is missing scraper.
C3113117 is missing scrapeC3130 is missing scraper.
C8001 is missing scraper.
C3106 is missing scraper.
C8001 is missing scraper.
C8105 is missing scraper.

C3207 is missing scraper.
C8001 is missing scraper.
C3104 is missing scraper.
C3210 is missing scraper.
C3203 is missing scraper.
C3110 is missing scraper.
C3222 is missing scraper.
C8001 is missing scraper.
C8001 is missing scraper.
C3132 is missing scraper.
C3201 is missing scraper.
Tech-Micro-Dell is missing scraper.
C1117 is missing scraper.
C1115 is missing scraper.
C1126 is missing scraper.
C8001 is missing scraper.
C8618 is missing scraper.
C3135 is missing scraper.
C8001 is missing scraper.
C8001 is missing scraper.
C8001 is missing scraper.
C3130 is missing scraper.
C3222 is missing scraper.
C3108 is missing scraper.
C8001 is missing scraper.
C8001 is missing scraper.
C33118 is missing scraper.
Cmakeseed is missing scraper.
C3127 is missing scraper.
Cbwesemann is missing scraper.
C3224 is missing scraper.
C1128 is missing scraper.
C3121 is missing scraper.
C3132 is missing scraper.
C3217 is missing scraper.

C1116 is missing scraper.
CKevin is missing scraper.
C8001 is missing scraper.
C3129 is missing scraper.
C1118 is missing scraper.
C3214 is missing scraper.
C3120 is missing scraper.
C8001 is missing scraper.
Cbrandon is missing scraper.
C1113 is missing scraper.
C1119 is missing scraper.
C3219 is missing scraper.
C3126 is missing scraper.
C8001 is missing scraper.
C3124 is missing scraper.
C3202 is missing scraper.
C8112 is missing scraper.
C3226 is missing scraper.
C8001 is missing scraper.
C3216 is missing scraper.
C3215 is missing scraper.
C8001 is missing scraper.
C31C3201 is missing scrapeC80C3110 is missing scraper.
C3203 is missing scraper.
C3207 is missing scraper.
C8001 is missing scraper.
C3131 is missing scraper.
C3227 is missing scraper.
C3114 is missing scraper.
Tech-Micro-Dell is missing scraper.
C1116 is missing scraper.
C1115 is missing scraper.
C1118 is missing scraper.
C8001 is missing scraper.
C8001 is missing scraper.
C8001 is missing scraper.
C3135 is missing scraper.
C8001 is missing scraper.
C8001 is missing scraper.
C3202 is missing scraper.
C8001 is missing scraper.
C8001 is missing scraper.
C3225 is missing scraper.
Cbwesemann is missing scraper.
C3128 is missing scraper.
C3121 is missing scraper.
C8001 is missing scraper.
C3207 is missing scraper.
C3122 is missing scraper.
C3227 is missing scraper.
C8001 is missing scraper.
C3114 is missing scraper.
C8001 is missing scraper.
C8001 is missing scraper.
C1119 is missing scraper.
C1113 is missing scraper.
Cmakeseed is missing scraper.
C8001 is missing scraper.
C3113 is missing scraper.
CC33118 is missing scraper.
C1128 is missing scraper.
C3219 is missing scraper.

C3215 is missing scraper.
r.
C8001 is missing scraper.
r.
C3101 is missing scraper.
C3205 is missing scraper.
C3210 is missing scraper.
C8112 is missing scraper.
C3110 is missing scraper.
C3112 is missing scraper.
C3102 is missing scraper.
C3216 is missing scraper.
C3221 is missing scraper.
C8001 is missing scraper.
C3123 is missing scraper.
C8001 is missing scraper.
C3132 is missing scraper.
C3217 is missing scraper.
C3201 is missing scraper.
Tech-Micro-Dell is missing scraper.
C1115 is missing scraper.
C1116 is missing scraper.
C8001 is missing scraper.
C8001 is missing scraper.
C8001 is missing scraper.
C8001 is missing scraper.
C8001 is missing scraper.
Cbrandon is missing scraper.
C8001 is missing scraper.
C8001 is missing scraper.
C8001 is missing scraper.
C8001 is missing scraper.
C8001 is missing scraper.
C1117 is missing scraper.
C3208 is missing scraper.
C8001 is missing scraper.
C3132 is missing scraper.
C3115 is missing scraper.

C3217 is missing scraper.
C3227 is missing scraper.
C3114 is missing scraper.
C3129 is missing scraper.
C1119 is missing scraper.
C3225 is missing scraper.
C8001 is missing scraper.
C1125 is missing scraper.
er.
C1128 is missing scraper.
C3113 is missing scraper.
C8001 is missing scraper.
C3224 is missing scraper.
per.
C1113 is missing scraper.
C33125 is missing scraper.
C8001 is missing scraper.

C3103 is missing scraper.
C8001 is missing scraper.
C8105 is missing scraper.
C3205 is missing scraper.
C8001 is missing scraper.
C3211 is missing scraper.
C3214 is missing scraper.
C3107 is missing scraper.
C8112 is missing scraper.
C3119 is missing scraper.
C8001 is missing scraper.
C3121 is missing scraper.
C8001 is missing scraper.
C3106 is missing scraper.
r.
C8001 is missing scraper.
C8001 is missing scraper.
C3226 is missing scraper.
C3216 is missing scraper.
Tech-Micro-Dell is missing scraper.
C1117 is missing scraper.
C1118 is missing scraper.
tech is missing scraper.
C1128 is missing scraper.
C8001 is missing scraper.
C3135 is missing scraper.
C8001 is missing scraper.
C8618 is missing scraper.
C8001 is missing scraper.
C8001 is missing scraper.
C3113 is missing scraper.
C8001 is missing scraper.
C8001 is missing scraper.
C8001 is missing scraper.
C3222 is missing scraper.
C8001 is missing scraper.
C3226 is missing scraper.
C3217 is missing scraper.
C3207 is missing scraper.

er.
Cmakeseed is missing scraper.
C3227 is missing scraper.
C3103 is missing scraper.
C33125 is missing scraper.
C3126 is missing scraper.
C3216 is missing scraper.
C3219 is missing scraper.
C1125 is missing scraper.
C3108 is missing scraper.
C3101 is missing scraper.
C3221 is missing scraper.
C8001 is missing scraper.

Cbrandon is missing scraper.
C1113 is missing scraper.
C3106 is missing scraper.
C1119 is missing scraper.
C3119 is missing scraper.
C8001 is missing scraper.
C3127 is missing scraper.
C3225 is missing scraper.
r.
C8105 is missing scraper.
C3124 is missing scraper.
C3211 is missing scraper.
C3130 is missing scraper.
C8001 is missing scraper.
C3223 is missing scraper.
C3123 is missing scraper.
C8001 is missing scraper.
C8001 is missing scraper.
C8001 is missing scraper.
C3209 is missing scraper.
C3201 is missing scraper.
C3129 is missing scraper.
Tech-Micro-Dell is missing scraper.
C1117 is missing scraper.
C1118 is missing scraper.
C8001 is missing scraper.
C8001 is missing scraper.
C8001 is missing scraper.
C8001 is missing scraper.
C8001 is missing scraper.
C8001 is missing scraper.
C3135 is missing scraper.
C8001 is missing scraper.
C3121 is missing scraper.
C3119 is missing scraper.
C3127 is missing scraper.
r.
C3113117 is missing scraper.
C8001 is missing scraper.
C33118 is missing scraper.
C3217 is missing scraper.
C1115 is missing scraper.
Cmakeseed is missing scraper.
C3129 is missing scraper.
C3207 is missing scraper.
C1119 is missing scraper.
C8001 is missing scraper.
C3221 is missing scraper.
C1116 is missing scraper.
C8001 is missing scraper.
C3209 is missing scraper.
C3215 is missing scraper.
C8112 is missing scraper.

tech is missing scraper.
C3101 is missing scraper.
per.
C1113 is missing scraper.
C3106 is missing scraper.
C3203 is missing scraper.
C3103 is missing scraper.
C3131 is missing scraper.
C8001 is missing scraper.
C3128 is missing scraper.
C3111 is missing scraper.
C3107 is missing scraper.
C8105 is missing scraper.
C3126 is missing scraper.

C3130 is missing scraper.
C3223 is missing scraper.
C3214 is missing scraper.
C8001 is missing scraper.
C3227 is missing scraper.
C3216 is missing scraper.
C8001 is missing scraper.
C3132 is missing scraper.
C3226 is missing scraper.
C3112 is missing scraper.
C3114 is missing scraper.
Tech-Micro-Dell is missing scraper.
C1115 is missing scraper.
C1118 is missing scraper.
C1117 is missing scraper.
CKevin is missing scraper.
C8001 is missing scraper.
C3135 is missing scraper.
C8001 is missing scraper.
Cbwesemann is missing scraper.
C8001 is missing scraper.
C8001 is missing scraper.
C8001 is missing scraper.
C8001 is missing scraper.CC33125 is missing scraperC8001 is missing scraper.
C33118 is missing scraper.
C3132 is missing scraper.
C3113117 is missing scraper.
C8001 is missing scraper.
C3225 is missing scraper.
C8001 is missing scraper.
C3226 is missing scraper.
C3115 is missing scraper.
C3120 is missing scraper.
C3112 is missing scraper.
C8001 is missing scraper.
C3129 is missing scraper.
C3103 is missing scraper.
C3202 is missing scraper.
C3121 is missing scraper.
C3122 is missing scraper.
C8001 is missing scraper.
C3211 is missing scraper.
Cmakeseed is missing scraper.
C3108 is missing scraper.
C8001 is missing scraper.
C3215 is missing scraper.
C1119 is missing scraper.
C8001 is missing scraper.
C8001 is missing scraper.
C3217 is missing scraper.
C3128 is missing scraper.
C3113 is missing scraper.
C8001 is missing scraper.
C3123 is missing scraper.
C3203 is missing scraper.
C3213 is missing scraper.
C3114 is missing scraper.
C8001 is missing scraper.
C8001 is missing scraper.
C3209 is missing scraper.
Tech-Micro-Dell is missing scraper.
C1117 is missing scraper.
C8001 is missing scraper.
C8001 is missing scraper.
C8001 is missing scraper.
C8001 is missing scraper.
C3222 is missing scraper.
Cbrandon is missing scraper.
C8001 is missing scraper.
C3121 is missing scraper.
C3101 is missing scraper.
C3223 is missing scraper.
C1118 is missing scraper.
C3107 is missing scraper.
per.
C3226 is missing scraper.
C3114 is missing scraper.
C8001 is missing scraper.
C3122 is missing scraper.
C3115 is missing scraper.
C3112 is missing scraper.
C3131 is missing scraper.
er.
CKevin is missing scraper.
C3126 is missing scraper.
C8001 is missing scraper.
C3120 is missing scraper.

C3224 is missing scraper.
C8001 is missing scraper.
C3213 is missing scraper.
C3221 is missing scraper.

C3210 is missing scraper.
C3219 is missing scraper.
C8105 is missing scraper.
C3104 is missing scraper.
C3214 is missing scraper.
C3113117 is missing scraper.
C3205 is missing scraper.
C3211 is missing scraper.
C3124 is missing scraper.
C3215 is missing scraper.
C8112 is missing scraper.
C3227 is missing scraper.
C8001 is missing scraper.
C3209 is missing scraper.
C3201 is missing scraper.
tech is missing scraper.
Tech-Micro-Dell is missing scraper.
Cbrandon is missing scraper.
C8001 is missing scraper.
C8001 is missing scraper.
C3135 is missing scraper.
C8001 is missing scraper.
C1117 is missing scraper.
C8001 is missing scraper.
CKevin is missing scraper.
C8001 is missing scraper.
C3126 is missing scraper.
C8001 is missing scraper.
C3207 is missing scraper.
C8001 is missing scraper.
C3119 is missing scraper.
C3103 is missing scraper.
C3209 is missing scraper.
C3129 is missing scraper.
C8001 is missing scraper.
C8001 is missing scraper.
C3226 is missing scraper.
per.
C3208 is missing scraper.
C33118 is missing scraper.
C3111 is missing scraper.
C3113117 is missing scraper.

C3120 is missing scraper.
C1113 is missing scraper.
C3215 is missing scraper.
C3132 is missing scraper.
C8001 is missing scraper.
C3225 is missing scraper.
C3104 is missing scraper.
C3202 is missing scraper.
C3122 is missing scraper.
C3101 is missing scraper.
C3210 is missing scraper.
C8105 is missing scraper.
C8112 is missing scraper.
C3123 is missing scraper.
C3102 is missing scraper.
C3224 is missing scraper.
C3205 is missing scraper.
C3221 is missing scraper.
C3227 is missing scraper.
C3211 is missing scraper.
C8001 is missing scraper.
C8001 is missing scraper.
C3124 is missing scraper.
C3130 is missing scraper.
C3213 is missing scraper.
C3216 is missing scraper.
C3201 is missing scraper.
C3114 is missing scraper.
tech is missing scraper.
Tech-Micro-Dell is missing scraper.
C1115 is missing scraper.
C8001 is missing scraper.
C3135 is missing scraper.
C8001 is missing scraper.
C8001 is missing scraper.
C8001 is missing scraper.
C8001 is missing scraper.
C3126 is missing scraper.
C8001 is missing scraper.
C3110 is missing scraper.

C8001 is missing scraper.
C3219 is missing scraper.
C3223 is missing scraper.
C3111 is missing scraper.
C8001 is missing scraper.
per.
C3122 is missing scraper.
C8001 is missing scraper.

C3113117 is missing scraper.
18 is missing scraper.
C3124 is missing scraper.
C8001 is missing scraper.
C311C3130 is missing scraper.
r.
C3227 is missing scraper.
tech is missing scraper.
C3209 is missing scraper.
C8001 is missing scraper.
C3215 is missing scraper.
C8001 is missing scraper.

C1113 is missing scraper.
C3104 is missing scraper.
C8001 is missing scraper.
C3114 is missing scraper.
C3129 is missing scraper.
C3210 is missing scraper.
C8001 is missing scraper.
C3205 is missing scraper.
C8001 is missing scraper.
C3123 is missing scraper.
C3212 is missing scraper.
C3214 is missing scraper.
C3225 is missing scraper.
C8105 is missing scraper.
C8001 is missing scraper.
C3222 is missing scraper.
C3202 is missing scraper.
C3103 is missing scraper.
C3203 is missing scraper.
C3107 is missing scraper.
C3226 is missing scraper.
C8079 is missing scraper.
C3201 is missing scraper.
tech is missing scraper.
tech is missing scraper.
tech is missing scraper.
tech is missing scraper.
Tech-Micro-Dell is missing scraper.
tech is missing scraper.
C1117 is missing scraper.
tech is missing scraper.
tech is missing scraper.
C8001 is missing scraper.
C8001 is missing scraper.

C8001 is missing scraper.
C3135 is missing scraper.
C8001 is missing scraper.
C1118 is missing scraper.
C8618 is missing scraper.CC1113 is missing scraper.
C3121 is missing scraper.
C3124 is missing scraper.
C8001 is missing scraper.

C3130 is missing scraper.
C3131 is missing scraper.
C3221 is missing scraper.
C3101 is missing scraper.
C3207 is missing scraper.
C3115 is missing scraper.
C8001 is missing scraper.
C3227 is missing scraper.
C8001 is missing scraper.
C8001 is missing scraper.
C8001 is missing scraper.
C3129 is missing scraper.
C3123 is missing scraper.
C3214 is missing scraper.
er.
C1115 is missing scraper.
C8001 is missing scraper.
C8001 is missing scraper.
C3225 is missing scraper.
r.
C8001 is missing scraper.
per.
C33125 is missing scraper.
C5223 is missing scraper.
C3119 is missing scraper.
C3110 is missing scraper.
C8001 is missing scraper.
C3226 is missing scraper.
r.
C8581 is missing scraper.
C8001 is missing scraper.
C3107 is missing scraper.
C3103 is missing scraper.
C3113 is missing scraper.
C3212 is missing scraper.
C8001 is missing scraper.
C3217 is missing scraper.
C3201 is missing scraper.
Tech-Micro-Dell is missing scraper.
Cbwesemann is missing scraper.
C1117 is missing scraper.
CKevin is missing scraper.
C8001 is missing scraper.
C8001 is missing scraper.
C5223 is missing scraper.
C8001 is missing scraper.
C3135 is missing scraper.
C1119 is missing scraper.
C3214 is missing scraper.
C8112 is missing scraper.
C8001 is missing scraper.
C8001 is missing scraper.
C3110 is missing scraper.
C8001 is missing scraper.
C8001 is missing scraper.
C3216 is missing scraper.
C3225 is missing scraper.
C1115 is missing scraper.
C8079 is missing scraper.
C3223 is missing scraper.
tech is missing scraper.
Cbrandon is missing scraper.
C1113 is missing scraper.
C3205 is missing scraper.
C8001 is missing scraper.
er.
C8001 is missing scraper.
C3227 is missing scraper.
C3211 is missing scraper.
C3222 is missing scraper.
C3221 is missing scraper.
C3103 is missing scraper.
C8001 is missing scraper.
CC3203 is missing scraper.
C8001 is missing scraper.
C3106 is missing scraper.
C3113117 is missing scrapeC31C3132 is missing scraper.
C3122 is missing scraper.
C3217 is missing scraper.
C3226 is missing scraper.
C8001 is missing scraper.
C3201 is missing scraper.
Tech-Micro-Dell is missing scraper.
Cbrandon is missing scraper.
tech is missing scraper.
C8001 is missing scraper.
C3135 is missing scraper.
C8001 is missing scraper.
C8001 is missing scraper.
C8001 is missing scraper.
C1119 is missing scraper.
C8001 is missing scraper.
C3222 is missing scraper.
C8001 is missing scraper.
C8001 is missing scraper.
C8001 is missing scraper.
CC8001 is missing scraper.CC3119 is missing scraper.
C3219 is missing scraper.
C3115 is missing scraper.
C3209 is missing scraper.
C3113117 is missing scraper.
C3106 is missing scraper.
C8001 is missing scraper.
C3101 is missing scraper.
er.
C3113 is missing scraper.
C1115 is missing scraper.
C8001 is missing scraper.
C1117 is missing scraper.
Cbwesemann is missing scraper.
CKevin is missing scraper.
C8001 is missing scraper.
C3227 is missing scraper.
C3120 is missing scraper.
C8001 is missing scraper.
C8618 is missing scraper.
C8105 is missing scraper.
C3126 is missing scraper.
C3224 is missing scraper.
C8001 is missing scraper.
C8001 is missing scraper.
C8001 is missing scraper.
C8001 is missing scraper.

C3129 is missing scraper.
C3203 is missing scraper.
C3205 is missing scraper.
C3112 is missing scraper.
C3217 is missing scraper.
C3132 is missing scraper.
C8001 is missing scraper.
C3201 is missing scraper.
Tech-Micro-Dell is missing scraper.
